[debug] [2024-12-04T06:05:47.997Z] ----------------------------------------------------------------------
[debug] [2024-12-04T06:05:48.001Z] Command:       C:\Program Files\nodejs\node.exe C:\Users\Usuario\AppData\Roaming\npm\node_modules\firebase-tools\lib\bin\firebase.js init
[debug] [2024-12-04T06:05:48.001Z] CLI Version:   13.27.0
[debug] [2024-12-04T06:05:48.002Z] Platform:      win32
[debug] [2024-12-04T06:05:48.002Z] Node Version:  v18.13.0
[debug] [2024-12-04T06:05:48.003Z] Time:          Wed Dec 04 2024 00:05:48 GMT-0600 (hora estándar central)
[debug] [2024-12-04T06:05:48.004Z] ----------------------------------------------------------------------
[debug] 
[debug] [2024-12-04T06:05:48.015Z] > command requires scopes: ["email","openid","https://www.googleapis.com/auth/cloudplatformprojects.readonly","https://www.googleapis.com/auth/firebase","https://www.googleapis.com/auth/cloud-platform"]
[debug] [2024-12-04T06:05:48.016Z] > authorizing via signed-in user (a3521110259@alumno.uttehuacan.edu.mx)
[info] 
     ######## #### ########  ######## ########     ###     ######  ########
     ##        ##  ##     ## ##       ##     ##  ##   ##  ##       ##
     ######    ##  ########  ######   ########  #########  ######  ######
     ##        ##  ##    ##  ##       ##     ## ##     ##       ## ##
     ##       #### ##     ## ######## ########  ##     ##  ######  ########

You're about to initialize a Firebase project in this directory:

  C:\Users\Usuario\Downloads\Weather_application-main\Weather_application-main

[info] 
=== Project Setup
[info] 
[info] First, let's associate this project directory with a Firebase project.
[info] You can create multiple project aliases by running firebase use --add, 
[info] but for now we'll just set up a default project.
[info] 
[debug] [2024-12-04T06:06:25.275Z] Checked if tokens are valid: false, expires at: 1674500599821
[debug] [2024-12-04T06:06:25.276Z] Checked if tokens are valid: false, expires at: 1674500599821
[debug] [2024-12-04T06:06:25.277Z] > refreshing access token with scopes: []
[debug] [2024-12-04T06:06:25.280Z] >>> [apiv2][query] POST https://www.googleapis.com/oauth2/v3/token [none]
[debug] [2024-12-04T06:06:25.281Z] >>> [apiv2][body] POST https://www.googleapis.com/oauth2/v3/token [omitted]
[debug] [2024-12-04T06:06:25.641Z] <<< [apiv2][status] POST https://www.googleapis.com/oauth2/v3/token 400
[debug] [2024-12-04T06:06:25.641Z] <<< [apiv2][body] POST https://www.googleapis.com/oauth2/v3/token [omitted]
[debug] [2024-12-04T06:06:25.642Z] >>> [apiv2][query] GET https://firebase.googleapis.com/v1beta1/availableProjects pageSize=100
[debug] [2024-12-04T06:06:25.912Z] <<< [apiv2][status] GET https://firebase.googleapis.com/v1beta1/availableProjects 401
[debug] [2024-12-04T06:06:25.912Z] <<< [apiv2][body] GET https://firebase.googleapis.com/v1beta1/availableProjects [omitted]
[debug] [2024-12-04T06:06:25.913Z] Got a 401 Unauthenticated error for a call that required authentication. Refreshing tokens.
[debug] [2024-12-04T06:06:25.913Z] Checked if tokens are valid: false, expires at: 1674500599821
[debug] [2024-12-04T06:06:25.913Z] Checked if tokens are valid: false, expires at: 1674500599821
[debug] [2024-12-04T06:06:25.913Z] > refreshing access token with scopes: []
[debug] [2024-12-04T06:06:25.914Z] >>> [apiv2][query] POST https://www.googleapis.com/oauth2/v3/token [none]
[debug] [2024-12-04T06:06:25.914Z] >>> [apiv2][body] POST https://www.googleapis.com/oauth2/v3/token [omitted]
[debug] [2024-12-04T06:06:26.124Z] <<< [apiv2][status] POST https://www.googleapis.com/oauth2/v3/token 400
[debug] [2024-12-04T06:06:26.124Z] <<< [apiv2][body] POST https://www.googleapis.com/oauth2/v3/token [omitted]
[debug] [2024-12-04T06:06:26.125Z] Request to https://firebase.googleapis.com/v1beta1/availableProjects?pageSize=100 had HTTP Error: 401, Request had invalid authentication credentials. Expected OAuth 2 access token, login cookie or other valid authentication credential. See https://developers.google.com/identity/sign-in/web/devconsole-project.
[debug] [2024-12-04T06:06:26.335Z] FirebaseError: Request to https://firebase.googleapis.com/v1beta1/availableProjects?pageSize=100 had HTTP Error: 401, Request had invalid authentication credentials. Expected OAuth 2 access token, login cookie or other valid authentication credential. See https://developers.google.com/identity/sign-in/web/devconsole-project.
    at responseToError (C:\Users\Usuario\AppData\Roaming\npm\node_modules\firebase-tools\lib\responseToError.js:52:12)
    at RetryOperation._fn (C:\Users\Usuario\AppData\Roaming\npm\node_modules\firebase-tools\lib\apiv2.js:312:77)
    at process.processTicksAndRejections (node:internal/process/task_queues:95:5)
[error] 
[error] Error: Failed to list available Google Cloud Platform projects. See firebase-debug.log for more info.
[debug] [2024-12-04T06:06:37.791Z] ----------------------------------------------------------------------
[debug] [2024-12-04T06:06:37.794Z] Command:       C:\Program Files\nodejs\node.exe C:\Users\Usuario\AppData\Roaming\npm\node_modules\firebase-tools\lib\bin\firebase.js init
[debug] [2024-12-04T06:06:37.795Z] CLI Version:   13.27.0
[debug] [2024-12-04T06:06:37.795Z] Platform:      win32
[debug] [2024-12-04T06:06:37.795Z] Node Version:  v18.13.0
[debug] [2024-12-04T06:06:37.797Z] Time:          Wed Dec 04 2024 00:06:37 GMT-0600 (hora estándar central)
[debug] [2024-12-04T06:06:37.797Z] ----------------------------------------------------------------------
[debug] 
[debug] [2024-12-04T06:06:37.809Z] > command requires scopes: ["email","openid","https://www.googleapis.com/auth/cloudplatformprojects.readonly","https://www.googleapis.com/auth/firebase","https://www.googleapis.com/auth/cloud-platform"]
[debug] [2024-12-04T06:06:37.810Z] > authorizing via signed-in user (a3521110259@alumno.uttehuacan.edu.mx)
[info] 
     ######## #### ########  ######## ########     ###     ######  ########
     ##        ##  ##     ## ##       ##     ##  ##   ##  ##       ##
     ######    ##  ########  ######   ########  #########  ######  ######
     ##        ##  ##    ##  ##       ##     ## ##     ##       ## ##
     ##       #### ##     ## ######## ########  ##     ##  ######  ########

You're about to initialize a Firebase project in this directory:

  C:\Users\Usuario\Downloads\Weather_application-main\Weather_application-main

[info] 
=== Project Setup
[info] 
[info] First, let's associate this project directory with a Firebase project.
[info] You can create multiple project aliases by running firebase use --add, 
[info] but for now we'll just set up a default project.
[info] 
[debug] [2024-12-04T06:06:47.810Z] Checked if tokens are valid: false, expires at: 1674500599821
[debug] [2024-12-04T06:06:47.810Z] Checked if tokens are valid: false, expires at: 1674500599821
[debug] [2024-12-04T06:06:47.811Z] > refreshing access token with scopes: []
[debug] [2024-12-04T06:06:47.814Z] >>> [apiv2][query] POST https://www.googleapis.com/oauth2/v3/token [none]
[debug] [2024-12-04T06:06:47.814Z] >>> [apiv2][body] POST https://www.googleapis.com/oauth2/v3/token [omitted]
[debug] [2024-12-04T06:06:48.146Z] <<< [apiv2][status] POST https://www.googleapis.com/oauth2/v3/token 400
[debug] [2024-12-04T06:06:48.146Z] <<< [apiv2][body] POST https://www.googleapis.com/oauth2/v3/token [omitted]
[debug] [2024-12-04T06:06:48.147Z] >>> [apiv2][query] GET https://firebase.googleapis.com/v1beta1/projects pageSize=100
[debug] [2024-12-04T06:06:48.405Z] <<< [apiv2][status] GET https://firebase.googleapis.com/v1beta1/projects 401
[debug] [2024-12-04T06:06:48.405Z] <<< [apiv2][body] GET https://firebase.googleapis.com/v1beta1/projects [omitted]
[debug] [2024-12-04T06:06:48.406Z] Got a 401 Unauthenticated error for a call that required authentication. Refreshing tokens.
[debug] [2024-12-04T06:06:48.406Z] Checked if tokens are valid: false, expires at: 1674500599821
[debug] [2024-12-04T06:06:48.406Z] Checked if tokens are valid: false, expires at: 1674500599821
[debug] [2024-12-04T06:06:48.407Z] > refreshing access token with scopes: []
[debug] [2024-12-04T06:06:48.409Z] >>> [apiv2][query] POST https://www.googleapis.com/oauth2/v3/token [none]
[debug] [2024-12-04T06:06:48.409Z] >>> [apiv2][body] POST https://www.googleapis.com/oauth2/v3/token [omitted]
[debug] [2024-12-04T06:06:48.629Z] <<< [apiv2][status] POST https://www.googleapis.com/oauth2/v3/token 400
[debug] [2024-12-04T06:06:48.629Z] <<< [apiv2][body] POST https://www.googleapis.com/oauth2/v3/token [omitted]
[debug] [2024-12-04T06:06:48.630Z] Request to https://firebase.googleapis.com/v1beta1/projects?pageSize=100 had HTTP Error: 401, Request had invalid authentication credentials. Expected OAuth 2 access token, login cookie or other valid authentication credential. See https://developers.google.com/identity/sign-in/web/devconsole-project.
[debug] [2024-12-04T06:06:48.850Z] FirebaseError: Request to https://firebase.googleapis.com/v1beta1/projects?pageSize=100 had HTTP Error: 401, Request had invalid authentication credentials. Expected OAuth 2 access token, login cookie or other valid authentication credential. See https://developers.google.com/identity/sign-in/web/devconsole-project.
    at responseToError (C:\Users\Usuario\AppData\Roaming\npm\node_modules\firebase-tools\lib\responseToError.js:52:12)
    at RetryOperation._fn (C:\Users\Usuario\AppData\Roaming\npm\node_modules\firebase-tools\lib\apiv2.js:312:77)
    at process.processTicksAndRejections (node:internal/process/task_queues:95:5)
[error] 
[error] Error: Failed to list Firebase projects. See firebase-debug.log for more info.
